2020-02-18 09:03:22.0782 DEBUG debug message
2020-02-18 09:03:22.2821 INFO info message
2020-02-18 09:03:22.3170 WARN warn message
2020-02-18 09:03:22.3170 ERROR error message
2020-02-18 09:03:22.3170 FATAL fatal message
2020-02-18 10:07:27.7453 DEBUG debug message
2020-02-18 10:07:27.9801 INFO info message
2020-02-18 10:07:28.0079 WARN warn message
2020-02-18 10:07:28.0079 ERROR error message
2020-02-18 10:07:28.0240 FATAL fatal message
2020-02-18 10:10:34.1098 DEBUG debug message
2020-02-18 10:10:34.5108 INFO info message
2020-02-18 10:10:34.6842 WARN warn message
2020-02-18 10:10:34.7337 ERROR error message
2020-02-18 10:10:34.7401 FATAL fatal message
2020-02-18 10:10:49.4375 DEBUG debug message
2020-02-18 10:10:49.7747 INFO info message
2020-02-18 10:10:49.7833 WARN warn message
2020-02-18 10:10:49.7833 ERROR error message
2020-02-18 10:10:51.1730 FATAL fatal message
